2025-09-22 11:49:00,413 [INFO] Starting Crawl...
2025-09-22 11:49:23,311 [INFO] Starting Crawl...
2025-09-22 11:49:25,069 [INFO] Dumped page 215418: "Man's Best Friend"
2025-09-22 11:49:25,737 [INFO] Dumped page 215419: 40-foot Sub For One
2025-09-22 11:49:26,403 [INFO] Dumped page 58981: 4546B
2025-09-22 11:49:27,068 [INFO] Dumped page 129370: Abandoned Seabases
2025-09-22 11:49:27,731 [INFO] Dumped page 230012: Abstract Art
2025-09-22 11:49:28,433 [INFO] Dumped page 103138: Accumulator
2025-09-22 11:49:29,085 [INFO] Dumped page 151934: Achievements
2025-09-22 11:49:29,802 [INFO] Dumped page 215396: Achievements/"Man's Best Friend"
2025-09-22 11:49:30,540 [INFO] Dumped page 215397: Achievements/40-foot Sub For One
2025-09-22 11:49:31,299 [INFO] Dumped page 215391: Achievements/Ancient Technologies
2025-09-22 11:49:35,402 [INFO] Dumped page 225395: Achievements/Another Survivor
2025-09-22 11:49:36,066 [INFO] Dumped page 225396: Achievements/Dressed For The Weather
2025-09-22 11:49:36,748 [INFO] Dumped page 225397: Achievements/Drop in The Ocean
2025-09-22 11:49:37,404 [INFO] Dumped page 215390: Achievements/Extinction Event Avoided
2025-09-22 11:49:38,052 [INFO] Dumped page 225398: Achievements/Finding the Cure
2025-09-22 11:49:38,721 [INFO] Dumped page 215395: Achievements/Follow the Degasi
2025-09-22 11:49:39,362 [INFO] Dumped page 215398: Achievements/Follow the Lost River
2025-09-22 11:49:40,066 [INFO] Dumped page 215400: Achievements/Fourteen Thousand Leagues Under the Sea
2025-09-22 11:49:40,752 [INFO] Dumped page 215388: Achievements/Getting Your Feet Wet
2025-09-22 11:49:41,395 [INFO] Dumped page 215403: Achievements/Go Among the Stars
2025-09-22 11:49:42,946 [INFO] Dumped page 225399: Achievements/Into the Unknown
2025-09-22 11:49:43,578 [INFO] Dumped page 225400: Achievements/Jukebox Hero
2025-09-22 11:49:44,220 [INFO] Dumped page 215402: Achievements/Leave Only Time Capsules
2025-09-22 11:49:44,896 [INFO] Dumped page 225401: Achievements/Like Riding a Bike
2025-09-22 11:49:45,556 [INFO] Dumped page 225402: Achievements/Necessary Repairs
2025-09-22 11:49:46,193 [INFO] Dumped page 215401: Achievements/Optimal Health
2025-09-22 11:49:46,844 [INFO] Dumped page 215393: Achievements/Ordered the Prawn
2025-09-22 11:49:47,480 [INFO] Dumped page 225403: Achievements/Out of Mind
